# JRE version: OpenJDK Runtime Environment (11.0.8+10) (build 11.0.8+10-b944.6842174)
# Java VM: OpenJDK 64-Bit Server VM (11.0.8+10-b944.6842174, mixed mode, tiered, compressed oops, g1 gc, windows-amd64)
Heap:
 garbage-first heap   total 326656K, used 153507K [0x0000000080000000, 0x0000000100000000)
  region size 1024K, 3 young (3072K), 3 survivors (3072K)
 Metaspace       used 89668K, capacity 91808K, committed 92068K, reserved 1128448K
  class space    used 11631K, capacity 12406K, committed 12416K, reserved 1048576K
GC Heap History (20 events):
Event: 38.679 GC heap after
{Heap after GC invocations=30 (full 0):
 garbage-first heap   total 138240K, used 103220K [0x0000000080000000, 0x0000000100000000)
  region size 1024K, 3 young (3072K), 3 survivors (3072K)
 Metaspace       used 85436K, capacity 87485K, committed 87588K, reserved 1126400K
  class space    used 11006K, capacity 11700K, committed 11776K, reserved 1048576K
}
Event: 38.855 GC heap before
{Heap before GC invocations=30 (full 0):
 garbage-first heap   total 138240K, used 117556K [0x0000000080000000, 0x0000000100000000)
  region size 1024K, 16 young (16384K), 3 survivors (3072K)
 Metaspace       used 85468K, capacity 87485K, committed 87588K, reserved 1126400K
  class space    used 11006K, capacity 11700K, committed 11776K, reserved 1048576K
}
Event: 38.871 GC heap after
{Heap after GC invocations=31 (full 0):
 garbage-first heap   total 138240K, used 108006K [0x0000000080000000, 0x0000000100000000)
  region size 1024K, 2 young (2048K), 2 survivors (2048K)
 Metaspace       used 85468K, capacity 87485K, committed 87588K, reserved 1126400K
  class space    used 11006K, capacity 11700K, committed 11776K, reserved 1048576K
}
Event: 39.030 GC heap before
{Heap before GC invocations=31 (full 0):
 garbage-first heap   total 138240K, used 117222K [0x0000000080000000, 0x0000000100000000)
  region size 1024K, 11 young (11264K), 2 survivors (2048K)
 Metaspace       used 85944K, capacity 87980K, committed 88228K, reserved 1126400K
  class space    used 11071K, capacity 11780K, committed 11904K, reserved 1048576K
}
Event: 39.044 GC heap after
{Heap after GC invocations=32 (full 0):
 garbage-first heap   total 165888K, used 110222K [0x0000000080000000, 0x0000000100000000)
  region size 1024K, 2 young (2048K), 2 survivors (2048K)
 Metaspace       used 85944K, capacity 87980K, committed 88228K, reserved 1126400K
  class space    used 11071K, capacity 11780K, committed 11904K, reserved 1048576K
}
Event: 39.331 GC heap before
{Heap before GC invocations=33 (full 0):
 garbage-first heap   total 165888K, used 130702K [0x0000000080000000, 0x0000000100000000)
  region size 1024K, 23 young (23552K), 2 survivors (2048K)
 Metaspace       used 87379K, capacity 89370K, committed 89508K, reserved 1126400K
  class space    used 11356K, capacity 12050K, committed 12160K, reserved 1048576K
}
Event: 39.346 GC heap after
{Heap after GC invocations=34 (full 0):
 garbage-first heap   total 165888K, used 116095K [0x0000000080000000, 0x0000000100000000)
  region size 1024K, 3 young (3072K), 3 survivors (3072K)
 Metaspace       used 87379K, capacity 89370K, committed 89508K, reserved 1126400K
  class space    used 11356K, capacity 12050K, committed 12160K, reserved 1048576K
}
Event: 39.517 GC heap before
{Heap before GC invocations=34 (full 0):
 garbage-first heap   total 165888K, used 134527K [0x0000000080000000, 0x0000000100000000)
  region size 1024K, 21 young (21504K), 3 survivors (3072K)
 Metaspace       used 87502K, capacity 89508K, committed 89764K, reserved 1126400K
  class space    used 11356K, capacity 12050K, committed 12160K, reserved 1048576K
}
Event: 39.533 GC heap after
{Heap after GC invocations=35 (full 0):
 garbage-first heap   total 165888K, used 124875K [0x0000000080000000, 0x0000000100000000)
  region size 1024K, 3 young (3072K), 3 survivors (3072K)
 Metaspace       used 87502K, capacity 89508K, committed 89764K, reserved 1126400K
  class space    used 11356K, capacity 12050K, committed 12160K, reserved 1048576K
}
Event: 39.607 GC heap before
{Heap before GC invocations=35 (full 0):
 garbage-first heap   total 165888K, used 136139K [0x0000000080000000, 0x0000000100000000)
  region size 1024K, 15 young (15360K), 3 survivors (3072K)
 Metaspace       used 87522K, capacity 89510K, committed 89764K, reserved 1126400K
  class space    used 11356K, capacity 12050K, committed 12160K, reserved 1048576K
}
Event: 39.620 GC heap after
{Heap after GC invocations=36 (full 0):
 garbage-first heap   total 165888K, used 132467K [0x0000000080000000, 0x0000000100000000)
  region size 1024K, 2 young (2048K), 2 survivors (2048K)
 Metaspace       used 87522K, capacity 89510K, committed 89764K, reserved 1126400K
  class space    used 11356K, capacity 12050K, committed 12160K, reserved 1048576K
}
Event: 39.658 GC heap before
{Heap before GC invocations=36 (full 0):
 garbage-first heap   total 165888K, used 139635K [0x0000000080000000, 0x0000000100000000)
  region size 1024K, 9 young (9216K), 2 survivors (2048K)
 Metaspace       used 87557K, capacity 89575K, committed 89764K, reserved 1126400K
  class space    used 11356K, capacity 12050K, committed 12160K, reserved 1048576K
}
Event: 39.669 GC heap after
{Heap after GC invocations=37 (full 0):
 garbage-first heap   total 209920K, used 136574K [0x0000000080000000, 0x0000000100000000)
  region size 1024K, 2 young (2048K), 2 survivors (2048K)
 Metaspace       used 87557K, capacity 89575K, committed 89764K, reserved 1126400K
  class space    used 11356K, capacity 12050K, committed 12160K, reserved 1048576K
}
Event: 39.953 GC heap before
{Heap before GC invocations=37 (full 0):
 garbage-first heap   total 209920K, used 159102K [0x0000000080000000, 0x0000000100000000)
  region size 1024K, 24 young (24576K), 2 survivors (2048K)
 Metaspace       used 87612K, capacity 89636K, committed 89764K, reserved 1126400K
  class space    used 11355K, capacity 12049K, committed 12160K, reserved 1048576K
}
Event: 39.979 GC heap after
{Heap after GC invocations=38 (full 0):
 garbage-first heap   total 209920K, used 149731K [0x0000000080000000, 0x0000000100000000)
  region size 1024K, 3 young (3072K), 3 survivors (3072K)
 Metaspace       used 87612K, capacity 89636K, committed 89764K, reserved 1126400K
  class space    used 11355K, capacity 12049K, committed 12160K, reserved 1048576K
}
Event: 40.226 GC heap before
{Heap before GC invocations=39 (full 0):
 garbage-first heap   total 209920K, used 166115K [0x0000000080000000, 0x0000000100000000)
  region size 1024K, 20 young (20480K), 3 survivors (3072K)
 Metaspace       used 88579K, capacity 90654K, committed 90916K, reserved 1128448K
  class space    used 11485K, capacity 12191K, committed 12288K, reserved 1048576K
}
Event: 40.240 GC heap after
{Heap after GC invocations=40 (full 0):
 garbage-first heap   total 209920K, used 154576K [0x0000000080000000, 0x0000000100000000)
  region size 1024K, 3 young (3072K), 3 survivors (3072K)
 Metaspace       used 88579K, capacity 90654K, committed 90916K, reserved 1128448K
  class space    used 11485K, capacity 12191K, committed 12288K, reserved 1048576K
}
Event: 40.446 GC heap before
{Heap before GC invocations=40 (full 0):
 garbage-first heap   total 209920K, used 169936K [0x0000000080000000, 0x0000000100000000)
  region size 1024K, 18 young (18432K), 3 survivors (3072K)
 Metaspace       used 89386K, capacity 91460K, committed 91556K, reserved 1128448K
  class space    used 11598K, capacity 12354K, committed 12416K, reserved 1048576K
}
Event: 40.457 GC heap after
{Heap after GC invocations=41 (full 0):
 garbage-first heap   total 209920K, used 157839K [0x0000000080000000, 0x0000000100000000)
  region size 1024K, 3 young (3072K), 3 survivors (3072K)
 Metaspace       used 89386K, capacity 91460K, committed 91556K, reserved 1128448K
  class space    used 11598K, capacity 12354K, committed 12416K, reserved 1048576K
}
Event: 41.873 GC heap before
{Heap before GC invocations=42 (full 0):
 garbage-first heap   total 209920K, used 165007K [0x0000000080000000, 0x0000000100000000)
  region size 1024K, 17 young (17408K), 3 survivors (3072K)
 Metaspace       used 89668K, capacity 91808K, committed 92068K, reserved 1128448K
  class space    used 11631K, capacity 12406K, committed 12416K, reserved 1048576K
}

