# JRE version: OpenJDK Runtime Environment (11.0.8+10) (build 11.0.8+10-b944.6842174)
# Java VM: OpenJDK 64-Bit Server VM (11.0.8+10-b944.6842174, mixed mode, tiered, compressed oops, g1 gc, windows-amd64)
Heap:
 garbage-first heap   total 401408K, used 160496K [0x0000000080000000, 0x0000000100000000)
  region size 1024K, 3 young (3072K), 3 survivors (3072K)
 Metaspace       used 89610K, capacity 91864K, committed 92196K, reserved 1128448K
  class space    used 11625K, capacity 12427K, committed 12544K, reserved 1048576K
GC Heap History (20 events):
Event: 42.074 GC heap after
{Heap after GC invocations=34 (full 0):
 garbage-first heap   total 136192K, used 111999K [0x0000000080000000, 0x0000000100000000)
  region size 1024K, 1 young (1024K), 1 survivors (1024K)
 Metaspace       used 86316K, capacity 88464K, committed 88740K, reserved 1126400K
  class space    used 11142K, capacity 11857K, committed 11904K, reserved 1048576K
}
Event: 42.133 GC heap before
{Heap before GC invocations=34 (full 0):
 garbage-first heap   total 136192K, used 117119K [0x0000000080000000, 0x0000000100000000)
  region size 1024K, 6 young (6144K), 1 survivors (1024K)
 Metaspace       used 87052K, capacity 89202K, committed 89508K, reserved 1126400K
  class space    used 11340K, capacity 12081K, committed 12160K, reserved 1048576K
}
Event: 42.138 GC heap after
{Heap after GC invocations=35 (full 0):
 garbage-first heap   total 163840K, used 112382K [0x0000000080000000, 0x0000000100000000)
  region size 1024K, 1 young (1024K), 1 survivors (1024K)
 Metaspace       used 87052K, capacity 89202K, committed 89508K, reserved 1126400K
  class space    used 11340K, capacity 12081K, committed 12160K, reserved 1048576K
}
Event: 42.554 GC heap before
{Heap before GC invocations=35 (full 0):
 garbage-first heap   total 163840K, used 125694K [0x0000000080000000, 0x0000000100000000)
  region size 1024K, 15 young (15360K), 1 survivors (1024K)
 Metaspace       used 87592K, capacity 89714K, committed 89764K, reserved 1126400K
  class space    used 11372K, capacity 12120K, committed 12160K, reserved 1048576K
}
Event: 42.566 GC heap after
{Heap after GC invocations=36 (full 0):
 garbage-first heap   total 163840K, used 119007K [0x0000000080000000, 0x0000000100000000)
  region size 1024K, 2 young (2048K), 2 survivors (2048K)
 Metaspace       used 87592K, capacity 89714K, committed 89764K, reserved 1126400K
  class space    used 11372K, capacity 12120K, committed 12160K, reserved 1048576K
}
Event: 42.638 GC heap before
{Heap before GC invocations=37 (full 0):
 garbage-first heap   total 163840K, used 130271K [0x0000000080000000, 0x0000000100000000)
  region size 1024K, 13 young (13312K), 2 survivors (2048K)
 Metaspace       used 87632K, capacity 89787K, committed 90020K, reserved 1128448K
  class space    used 11377K, capacity 12122K, committed 12160K, reserved 1048576K
}
Event: 42.651 GC heap after
{Heap after GC invocations=38 (full 0):
 garbage-first heap   total 163840K, used 124852K [0x0000000080000000, 0x0000000100000000)
  region size 1024K, 2 young (2048K), 2 survivors (2048K)
 Metaspace       used 87632K, capacity 89787K, committed 90020K, reserved 1128448K
  class space    used 11377K, capacity 12122K, committed 12160K, reserved 1048576K
}
Event: 42.728 GC heap before
{Heap before GC invocations=38 (full 0):
 garbage-first heap   total 163840K, used 133044K [0x0000000080000000, 0x0000000100000000)
  region size 1024K, 11 young (11264K), 2 survivors (2048K)
 Metaspace       used 87671K, capacity 89859K, committed 90020K, reserved 1128448K
  class space    used 11382K, capacity 12125K, committed 12160K, reserved 1048576K
}
Event: 42.738 GC heap after
{Heap after GC invocations=39 (full 0):
 garbage-first heap   total 163840K, used 129817K [0x0000000080000000, 0x0000000100000000)
  region size 1024K, 2 young (2048K), 2 survivors (2048K)
 Metaspace       used 87671K, capacity 89859K, committed 90020K, reserved 1128448K
  class space    used 11382K, capacity 12125K, committed 12160K, reserved 1048576K
}
Event: 42.784 GC heap before
{Heap before GC invocations=39 (full 0):
 garbage-first heap   total 163840K, used 136985K [0x0000000080000000, 0x0000000100000000)
  region size 1024K, 9 young (9216K), 2 survivors (2048K)
 Metaspace       used 87674K, capacity 89859K, committed 90020K, reserved 1128448K
  class space    used 11382K, capacity 12125K, committed 12160K, reserved 1048576K
}
Event: 42.792 GC heap after
{Heap after GC invocations=40 (full 0):
 garbage-first heap   total 163840K, used 134045K [0x0000000080000000, 0x0000000100000000)
  region size 1024K, 2 young (2048K), 2 survivors (2048K)
 Metaspace       used 87674K, capacity 89859K, committed 90020K, reserved 1128448K
  class space    used 11382K, capacity 12125K, committed 12160K, reserved 1048576K
}
Event: 42.840 GC heap before
{Heap before GC invocations=40 (full 0):
 garbage-first heap   total 163840K, used 140189K [0x0000000080000000, 0x0000000100000000)
  region size 1024K, 8 young (8192K), 2 survivors (2048K)
 Metaspace       used 87686K, capacity 89863K, committed 90020K, reserved 1128448K
  class space    used 11382K, capacity 12125K, committed 12160K, reserved 1048576K
}
Event: 42.850 GC heap after
{Heap after GC invocations=41 (full 0):
 garbage-first heap   total 210944K, used 137197K [0x0000000080000000, 0x0000000100000000)
  region size 1024K, 1 young (1024K), 1 survivors (1024K)
 Metaspace       used 87686K, capacity 89863K, committed 90020K, reserved 1128448K
  class space    used 11382K, capacity 12125K, committed 12160K, reserved 1048576K
}
Event: 43.057 GC heap before
{Heap before GC invocations=41 (full 0):
 garbage-first heap   total 210944K, used 154605K [0x0000000080000000, 0x0000000100000000)
  region size 1024K, 19 young (19456K), 1 survivors (1024K)
 Metaspace       used 87735K, capacity 89863K, committed 90020K, reserved 1128448K
  class space    used 11382K, capacity 12125K, committed 12160K, reserved 1048576K
}
Event: 43.073 GC heap after
{Heap after GC invocations=42 (full 0):
 garbage-first heap   total 210944K, used 146180K [0x0000000080000000, 0x0000000100000000)
  region size 1024K, 3 young (3072K), 3 survivors (3072K)
 Metaspace       used 87735K, capacity 89863K, committed 90020K, reserved 1128448K
  class space    used 11382K, capacity 12125K, committed 12160K, reserved 1048576K
}
Event: 43.435 GC heap before
{Heap before GC invocations=43 (full 0):
 garbage-first heap   total 210944K, used 161540K [0x0000000080000000, 0x0000000100000000)
  region size 1024K, 19 young (19456K), 3 survivors (3072K)
 Metaspace       used 88132K, capacity 90278K, committed 90404K, reserved 1128448K
  class space    used 11442K, capacity 12197K, committed 12288K, reserved 1048576K
}
Event: 43.452 GC heap after
{Heap after GC invocations=44 (full 0):
 garbage-first heap   total 210944K, used 153456K [0x0000000080000000, 0x0000000100000000)
  region size 1024K, 3 young (3072K), 3 survivors (3072K)
 Metaspace       used 88132K, capacity 90278K, committed 90404K, reserved 1128448K
  class space    used 11442K, capacity 12197K, committed 12288K, reserved 1048576K
}
Event: 43.718 GC heap before
{Heap before GC invocations=44 (full 0):
 garbage-first heap   total 210944K, used 166768K [0x0000000080000000, 0x0000000100000000)
  region size 1024K, 17 young (17408K), 3 survivors (3072K)
 Metaspace       used 89503K, capacity 91701K, committed 91940K, reserved 1128448K
  class space    used 11618K, capacity 12419K, committed 12544K, reserved 1048576K
}
Event: 43.730 GC heap after
{Heap after GC invocations=45 (full 0):
 garbage-first heap   total 210944K, used 156594K [0x0000000080000000, 0x0000000100000000)
  region size 1024K, 3 young (3072K), 3 survivors (3072K)
 Metaspace       used 89503K, capacity 91701K, committed 91940K, reserved 1128448K
  class space    used 11618K, capacity 12419K, committed 12544K, reserved 1048576K
}
Event: 44.035 GC heap before
{Heap before GC invocations=45 (full 0):
 garbage-first heap   total 210944K, used 169906K [0x0000000080000000, 0x0000000100000000)
  region size 1024K, 17 young (17408K), 3 survivors (3072K)
 Metaspace       used 89610K, capacity 91864K, committed 92196K, reserved 1128448K
  class space    used 11625K, capacity 12427K, committed 12544K, reserved 1048576K
}

