# JRE version: OpenJDK Runtime Environment (11.0.8+10) (build 11.0.8+10-b944.6842174)
# Java VM: OpenJDK 64-Bit Server VM (11.0.8+10-b944.6842174, mixed mode, tiered, compressed oops, g1 gc, windows-amd64)
Heap:
 garbage-first heap   total 477184K, used 185343K [0x0000000080000000, 0x0000000100000000)
  region size 1024K, 3 young (3072K), 3 survivors (3072K)
 Metaspace       used 105669K, capacity 108528K, committed 108800K, reserved 1142784K
  class space    used 13522K, capacity 14477K, committed 14592K, reserved 1048576K
GC Heap History (20 events):
Event: 513.645 GC heap after
{Heap after GC invocations=72 (full 0):
 garbage-first heap   total 131072K, used 117185K [0x0000000080000000, 0x0000000100000000)
  region size 1024K, 1 young (1024K), 1 survivors (1024K)
 Metaspace       used 102353K, capacity 105082K, committed 105344K, reserved 1140736K
  class space    used 12994K, capacity 13905K, committed 13952K, reserved 1048576K
}
Event: 513.657 GC heap before
{Heap before GC invocations=72 (full 0):
 garbage-first heap   total 131072K, used 129473K [0x0000000080000000, 0x0000000100000000)
  region size 1024K, 6 young (6144K), 1 survivors (1024K)
 Metaspace       used 102358K, capacity 105082K, committed 105344K, reserved 1140736K
  class space    used 12994K, capacity 13905K, committed 13952K, reserved 1048576K
}
Event: 513.663 GC heap after
{Heap after GC invocations=73 (full 0):
 garbage-first heap   total 134144K, used 123893K [0x0000000080000000, 0x0000000100000000)
  region size 1024K, 1 young (1024K), 1 survivors (1024K)
 Metaspace       used 102358K, capacity 105082K, committed 105344K, reserved 1140736K
  class space    used 12994K, capacity 13905K, committed 13952K, reserved 1048576K
}
Event: 513.720 GC heap before
{Heap before GC invocations=73 (full 0):
 garbage-first heap   total 134144K, used 127989K [0x0000000080000000, 0x0000000100000000)
  region size 1024K, 6 young (6144K), 1 survivors (1024K)
 Metaspace       used 102394K, capacity 105146K, committed 105344K, reserved 1140736K
  class space    used 12996K, capacity 13905K, committed 13952K, reserved 1048576K
}
Event: 513.724 GC heap after
{Heap after GC invocations=74 (full 0):
 garbage-first heap   total 162816K, used 126508K [0x0000000080000000, 0x0000000100000000)
  region size 1024K, 1 young (1024K), 1 survivors (1024K)
 Metaspace       used 102394K, capacity 105146K, committed 105344K, reserved 1140736K
  class space    used 12996K, capacity 13905K, committed 13952K, reserved 1048576K
}
Event: 514.113 GC heap before
{Heap before GC invocations=75 (full 0):
 garbage-first heap   total 162816K, used 135724K [0x0000000080000000, 0x0000000100000000)
  region size 1024K, 11 young (11264K), 1 survivors (1024K)
 Metaspace       used 102629K, capacity 105378K, committed 105600K, reserved 1140736K
  class space    used 13025K, capacity 13939K, committed 13952K, reserved 1048576K
}
Event: 514.121 GC heap after
{Heap after GC invocations=76 (full 0):
 garbage-first heap   total 162816K, used 130742K [0x0000000080000000, 0x0000000100000000)
  region size 1024K, 2 young (2048K), 2 survivors (2048K)
 Metaspace       used 102629K, capacity 105378K, committed 105600K, reserved 1140736K
  class space    used 13025K, capacity 13939K, committed 13952K, reserved 1048576K
}
Event: 514.214 GC heap before
{Heap before GC invocations=76 (full 0):
 garbage-first heap   total 162816K, used 136886K [0x0000000080000000, 0x0000000100000000)
  region size 1024K, 9 young (9216K), 2 survivors (2048K)
 Metaspace       used 102630K, capacity 105378K, committed 105600K, reserved 1140736K
  class space    used 13025K, capacity 13939K, committed 13952K, reserved 1048576K
}
Event: 514.223 GC heap after
{Heap after GC invocations=77 (full 0):
 garbage-first heap   total 162816K, used 134037K [0x0000000080000000, 0x0000000100000000)
  region size 1024K, 2 young (2048K), 2 survivors (2048K)
 Metaspace       used 102630K, capacity 105378K, committed 105600K, reserved 1140736K
  class space    used 13025K, capacity 13939K, committed 13952K, reserved 1048576K
}
Event: 514.267 GC heap before
{Heap before GC invocations=77 (full 0):
 garbage-first heap   total 162816K, used 139157K [0x0000000080000000, 0x0000000100000000)
  region size 1024K, 7 young (7168K), 2 survivors (2048K)
 Metaspace       used 102631K, capacity 105378K, committed 105600K, reserved 1140736K
  class space    used 13025K, capacity 13939K, committed 13952K, reserved 1048576K
}
Event: 514.276 GC heap after
{Heap after GC invocations=78 (full 0):
 garbage-first heap   total 162816K, used 136191K [0x0000000080000000, 0x0000000100000000)
  region size 1024K, 1 young (1024K), 1 survivors (1024K)
 Metaspace       used 102631K, capacity 105378K, committed 105600K, reserved 1140736K
  class space    used 13025K, capacity 13939K, committed 13952K, reserved 1048576K
}
Event: 514.331 GC heap before
{Heap before GC invocations=78 (full 0):
 garbage-first heap   total 162816K, used 142335K [0x0000000080000000, 0x0000000100000000)
  region size 1024K, 7 young (7168K), 1 survivors (1024K)
 Metaspace       used 102632K, capacity 105378K, committed 105600K, reserved 1140736K
  class space    used 13025K, capacity 13939K, committed 13952K, reserved 1048576K
}
Event: 514.344 GC heap after
{Heap after GC invocations=79 (full 0):
 garbage-first heap   total 238592K, used 138761K [0x0000000080000000, 0x0000000100000000)
  region size 1024K, 1 young (1024K), 1 survivors (1024K)
 Metaspace       used 102632K, capacity 105378K, committed 105600K, reserved 1140736K
  class space    used 13025K, capacity 13939K, committed 13952K, reserved 1048576K
}
Event: 515.437 GC heap before
{Heap before GC invocations=80 (full 0):
 garbage-first heap   total 238592K, used 170505K [0x0000000080000000, 0x0000000100000000)
  region size 1024K, 31 young (31744K), 1 survivors (1024K)
 Metaspace       used 104509K, capacity 107300K, committed 107520K, reserved 1142784K
  class space    used 13379K, capacity 14301K, committed 14336K, reserved 1048576K
}
Event: 515.468 GC heap after
{Heap after GC invocations=81 (full 0):
 garbage-first heap   total 238592K, used 152680K [0x0000000080000000, 0x0000000100000000)
  region size 1024K, 4 young (4096K), 4 survivors (4096K)
 Metaspace       used 104509K, capacity 107300K, committed 107520K, reserved 1142784K
  class space    used 13379K, capacity 14301K, committed 14336K, reserved 1048576K
}
Event: 515.750 GC heap before
{Heap before GC invocations=81 (full 0):
 garbage-first heap   total 238592K, used 178280K [0x0000000080000000, 0x0000000100000000)
  region size 1024K, 29 young (29696K), 4 survivors (4096K)
 Metaspace       used 104533K, capacity 107303K, committed 107520K, reserved 1142784K
  class space    used 13379K, capacity 14301K, committed 14336K, reserved 1048576K
}
Event: 515.785 GC heap after
{Heap after GC invocations=82 (full 0):
 garbage-first heap   total 238592K, used 167300K [0x0000000080000000, 0x0000000100000000)
  region size 1024K, 4 young (4096K), 4 survivors (4096K)
 Metaspace       used 104533K, capacity 107303K, committed 107520K, reserved 1142784K
  class space    used 13379K, capacity 14301K, committed 14336K, reserved 1048576K
}
Event: 515.972 GC heap before
{Heap before GC invocations=82 (full 0):
 garbage-first heap   total 238592K, used 186756K [0x0000000080000000, 0x0000000100000000)
  region size 1024K, 23 young (23552K), 4 survivors (4096K)
 Metaspace       used 104547K, capacity 107367K, committed 107520K, reserved 1142784K
  class space    used 13379K, capacity 14301K, committed 14336K, reserved 1048576K
}
Event: 515.996 GC heap after
{Heap after GC invocations=83 (full 0):
 garbage-first heap   total 238592K, used 179199K [0x0000000080000000, 0x0000000100000000)
  region size 1024K, 3 young (3072K), 3 survivors (3072K)
 Metaspace       used 104547K, capacity 107367K, committed 107520K, reserved 1142784K
  class space    used 13379K, capacity 14301K, committed 14336K, reserved 1048576K
}
Event: 516.413 GC heap before
{Heap before GC invocations=83 (full 0):
 garbage-first heap   total 238592K, used 192511K [0x0000000080000000, 0x0000000100000000)
  region size 1024K, 17 young (17408K), 3 survivors (3072K)
 Metaspace       used 105669K, capacity 108528K, committed 108800K, reserved 1142784K
  class space    used 13522K, capacity 14477K, committed 14592K, reserved 1048576K
}

